<?xml version="1.0" encoding="UTF-8"?>
<testng-results ignored="0" total="2" passed="2" failed="0" skipped="0">
  <reporter-output>
  </reporter-output>
  <suite started-at="2023-03-20T10:52:53 IST" name="Default suite" finished-at="2023-03-20T10:54:14 IST" duration-ms="80751">
    <groups>
    </groups>
    <test started-at="2023-03-20T10:52:53 IST" name="Default test" finished-at="2023-03-20T10:54:14 IST" duration-ms="80751">
      <class name="baby.guru">
        <test-method is-config="true" signature="tb()[pri:0, instance:baby.guru@17497425]" started-at="2023-03-20T10:52:53 IST" name="tb" finished-at="2023-03-20T10:53:02 IST" duration-ms="9416" status="PASS">
          <reporter-output>
          </reporter-output>
        </test-method> <!-- tb -->
        <test-method signature="login()[pri:1, instance:baby.guru@17497425]" started-at="2023-03-20T10:53:02 IST" name="login" finished-at="2023-03-20T10:53:29 IST" duration-ms="27131" status="PASS">
          <reporter-output>
          </reporter-output>
        </test-method> <!-- login -->
        <test-method signature="Register()[pri:2, instance:baby.guru@17497425]" started-at="2023-03-20T10:53:29 IST" name="Register" finished-at="2023-03-20T10:54:14 IST" duration-ms="44129" status="PASS">
          <reporter-output>
          </reporter-output>
        </test-method> <!-- Register -->
      </class> <!-- baby.guru -->
    </test> <!-- Default test -->
  </suite> <!-- Default suite -->
</testng-results>
